"Start of log file."
"C:/Users/Kyler/DOCUME~1/GitHub/ECHO-L~1/ECHOLO~1/Assets/_MYASS~1/ECHO_L~1/Models/PROPS/Book2.max"
"Starting max loading and fbx conversion"
window = undefined
"Settings units"
"Before fbx export"
"After fbx export"
"Finished max loading and fbx conversion"
"C:/Users/Kyler/DOCUME~1/GitHub/ECHO-L~1/ECHOLO~1/Assets/_MYASS~1/ECHO_L~1/Models/PROPS/BookCase.max"
"Starting max loading and fbx conversion"
window = undefined
"Settings units"
"Before fbx export"
"After fbx export"
"Finished max loading and fbx conversion"
"C:/Users/Kyler/DOCUME~1/GitHub/ECHO-L~1/ECHOLO~1/Assets/_MYASS~1/ECHO_L~1/Models/PROPS/Book3.max"
"Starting max loading and fbx conversion"
window = undefined
"Settings units"
"Before fbx export"
"After fbx export"
"Finished max loading and fbx conversion"
"C:/Users/Kyler/DOCUME~1/GitHub/ECHO-L~1/ECHOLO~1/Assets/_MYASS~1/ECHO_L~1/Models/PROPS/Book1.max"
"Starting max loading and fbx conversion"
window = undefined
"Settings units"
"Before fbx export"
"After fbx export"
"Finished max loading and fbx conversion"
"C:/Users/Kyler/DOCUME~1/GitHub/ECHO-L~1/ECHOLO~1/Assets/_MYASS~1/ECHO_L~1/Models/PROPS/Book5.max"
"Starting max loading and fbx conversion"
window = undefined
"Settings units"
"Before fbx export"
"After fbx export"
"Finished max loading and fbx conversion"
"C:/Users/Kyler/DOCUME~1/GitHub/ECHO-L~1/ECHOLO~1/Assets/_MYASS~1/ECHO_L~1/Models/PROPS/Book6.max"
"Starting max loading and fbx conversion"
window = undefined
"Settings units"
"Before fbx export"
"After fbx export"
"Finished max loading and fbx conversion"
"C:/Users/Kyler/DOCUME~1/GitHub/ECHO-L~1/ECHOLO~1/Assets/_MYASS~1/ECHO_L~1/Models/PROPS/Book4.max"
"Starting max loading and fbx conversion"
window = undefined
"Settings units"
"Before fbx export"
"After fbx export"
"Finished max loading and fbx conversion"
"C:/Users/Kyler/DOCUME~1/GitHub/ECHO-L~1/ECHOLO~1/Assets/_MYASS~1/ECHO_L~1/Models/PROPS/Couch.max"
"Starting max loading and fbx conversion"
window = undefined
"Settings units"
"Before fbx export"
"After fbx export"
"Finished max loading and fbx conversion"
